logged error with status code: 400
        at 15:36:36 
        error was: Only the isBusiness field can be updated. 
logged error with status code: 401
        at 15:36:53 
        error was: Invalid password 
logged error with status code: 401
        at 15:37:4 
        error was: Invalid Email 
logged error with status code: 400
        at 15:37:21 
        error was: token is invalid 
logged error with status code: 400
        at 15:37:34 
        error was: invalid id 
logged error with status code: 400
        at 15:37:49 
        error was: token is invalid 
logged error with status code: 400
        at 15:37:57 
        error was: invalid id 
logged error with status code: 401
        at 15:38:58 
        error was: You are not a user 
logged error with status code: 400
        at 15:39:10 
        error was: token is invalid 
logged error with status code: 400
        at 15:39:21 
        error was: Only the isBusiness field can be updated. 
logged error with status code: 400
        at 15:39:34 
        error was: user not found 
